lid velocity = 10., prandtl # = 1., grashof # = 1000.
  0 SNES Function norm 9.949864117143e+01 
Number of SNES iterations = 0
************************************************************************************************************************
***             WIDEN YOUR WINDOW TO 120 CHARACTERS.  Use 'enscript -r -fCourier9' to print this document            ***
************************************************************************************************************************

---------------------------------------------- PETSc Performance Summary: ----------------------------------------------

./ex19 on a arch-linux2-c-opt named n002 with 1 processor, by spollard Wed Mar 28 16:57:53 2018
Using Petsc Release Version 3.8.4, Mar, 24, 2018 

                         Max       Max/Min        Avg      Total 
Time (sec):           3.236e-01      1.00000   3.236e-01
Objects:              7.800e+01      1.00000   7.800e+01
Flop:                 5.438e+07      1.00000   5.438e+07  5.438e+07
Flop/sec:            1.681e+08      1.00000   1.681e+08  1.681e+08
MPI Messages:         0.000e+00      0.00000   0.000e+00  0.000e+00
MPI Message Lengths:  0.000e+00      0.00000   0.000e+00  0.000e+00
MPI Reductions:       0.000e+00      0.00000

Flop counting convention: 1 flop = 1 real number operation of type (multiply/divide/add/subtract)
                            e.g., VecAXPY() for real vectors of length N --> 2N flop
                            and VecAXPY() for complex vectors of length N --> 8N flop

Summary of Stages:   ----- Time ------  ----- Flop -----  --- Messages ---  -- Message Lengths --  -- Reductions --
                        Avg     %Total     Avg     %Total   counts   %Total     Avg         %Total   counts   %Total 
 0:      Main Stage: 3.2356e-01 100.0%  5.4381e+07 100.0%  0.000e+00   0.0%  0.000e+00        0.0%  0.000e+00   0.0% 

------------------------------------------------------------------------------------------------------------------------
See the 'Profiling' chapter of the users' manual for details on interpreting output.
Phase summary info:
   Count: number of times phase was executed
   Time and Flop: Max - maximum over all processors
                   Ratio - ratio of maximum to minimum over all processors
   Mess: number of messages sent
   Avg. len: average message length (bytes)
   Reduct: number of global reductions
   Global: entire computation
   Stage: stages of a computation. Set stages with PetscLogStagePush() and PetscLogStagePop().
      %T - percent time in this phase         %F - percent flop in this phase
      %M - percent messages in this phase     %L - percent message lengths in this phase
      %R - percent reductions in this phase
   Total Mflop/s: 10e-6 * (sum of flop over all processors)/(max time over all processors)
------------------------------------------------------------------------------------------------------------------------
Event                Count      Time (sec)     Flop                             --- Global ---  --- Stage ---   Total
                   Max Ratio  Max     Ratio   Max  Ratio  Mess   Avg len Reduct  %T %F %M %L %R  %T %F %M %L %R Mflop/s
------------------------------------------------------------------------------------------------------------------------

--- Event Stage 0: Main Stage

SNESSolve              1 1.0 5.4380e-02 1.0 5.44e+07 1.0 0.0e+00 0.0e+00 0.0e+00 17100  0  0  0  17100  0  0  0  1000
SNESFunctionEval      22 1.0 4.3423e-03 1.0 1.85e+07 1.0 0.0e+00 0.0e+00 0.0e+00  1 34  0  0  0   1 34  0  0  0  4256
SNESJacobianEval       1 1.0 2.7252e-02 1.0 1.93e+07 1.0 0.0e+00 0.0e+00 0.0e+00  8 36  0  0  0   8 36  0  0  0   709
VecView                2 1.0 2.4278e-01 1.0 0.00e+00 0.0 0.0e+00 0.0e+00 0.0e+00 75  0  0  0  0  75  0  0  0  0     0
VecTDot               15 1.0 5.2064e-04 1.0 1.20e+06 1.0 0.0e+00 0.0e+00 0.0e+00  0  2  0  0  0   0  2  0  0  0  2305
VecNorm               10 1.0 3.7041e-04 1.0 8.00e+05 1.0 0.0e+00 0.0e+00 0.0e+00  0  1  0  0  0   0  1  0  0  0  2160
VecCopy               22 1.0 5.6659e-04 1.0 0.00e+00 0.0 0.0e+00 0.0e+00 0.0e+00  0  0  0  0  0   0  0  0  0  0     0
VecSet                30 1.0 2.2560e-03 1.0 0.00e+00 0.0 0.0e+00 0.0e+00 0.0e+00  1  0  0  0  0   1  0  0  0  0     0
VecAXPY               34 1.0 8.6512e-04 1.0 2.72e+06 1.0 0.0e+00 0.0e+00 0.0e+00  0  5  0  0  0   0  5  0  0  0  3144
VecAYPX                6 1.0 1.2795e-04 1.0 4.80e+05 1.0 0.0e+00 0.0e+00 0.0e+00  0  1  0  0  0   0  1  0  0  0  3751
VecScatterBegin       40 1.0 1.0282e-03 1.0 0.00e+00 0.0 0.0e+00 0.0e+00 0.0e+00  0  0  0  0  0   0  0  0  0  0     0
MatMult                7 1.0 3.2707e-03 1.0 1.08e+07 1.0 0.0e+00 0.0e+00 0.0e+00  1 20  0  0  0   1 20  0  0  0  3311
MatSolve               8 1.0 4.3938e-03 1.0 1.24e+07 1.0 0.0e+00 0.0e+00 0.0e+00  1 23  0  0  0   1 23  0  0  0  2817
MatLUFactorNum         1 1.0 5.0145e-03 1.0 7.49e+06 1.0 0.0e+00 0.0e+00 0.0e+00  2 14  0  0  0   2 14  0  0  0  1494
MatILUFactorSym        1 1.0 4.5262e-03 1.0 0.00e+00 0.0 0.0e+00 0.0e+00 0.0e+00  1  0  0  0  0   1  0  0  0  0     0
MatAssemblyBegin       3 1.0 5.3691e-07 1.0 0.00e+00 0.0 0.0e+00 0.0e+00 0.0e+00  0  0  0  0  0   0  0  0  0  0     0
MatAssemblyEnd         3 1.0 2.1961e-03 1.0 0.00e+00 0.0 0.0e+00 0.0e+00 0.0e+00  1  0  0  0  0   1  0  0  0  0     0
MatGetRowIJ            1 1.0 2.2161e-06 1.0 0.00e+00 0.0 0.0e+00 0.0e+00 0.0e+00  0  0  0  0  0   0  0  0  0  0     0
MatCreateSubMats       1 1.0 5.6454e-03 1.0 0.00e+00 0.0 0.0e+00 0.0e+00 0.0e+00  2  0  0  0  0   2  0  0  0  0     0
MatGetOrdering         1 1.0 5.0922e-04 1.0 0.00e+00 0.0 0.0e+00 0.0e+00 0.0e+00  0  0  0  0  0   0  0  0  0  0     0
MatZeroEntries         1 1.0 1.0963e-03 1.0 0.00e+00 0.0 0.0e+00 0.0e+00 0.0e+00  0  0  0  0  0   0  0  0  0  0     0
MatFDColorCreate       1 1.0 3.2204e-04 1.0 0.00e+00 0.0 0.0e+00 0.0e+00 0.0e+00  0  0  0  0  0   0  0  0  0  0     0
MatFDColorSetUp        1 1.0 1.7719e-02 1.0 0.00e+00 0.0 0.0e+00 0.0e+00 0.0e+00  5  0  0  0  0   5  0  0  0  0     0
MatFDColorApply        1 1.0 7.9873e-03 1.0 1.93e+07 1.0 0.0e+00 0.0e+00 0.0e+00  2 36  0  0  0   2 36  0  0  0  2419
MatFDColorFunc        21 1.0 4.4766e-03 1.0 1.76e+07 1.0 0.0e+00 0.0e+00 0.0e+00  1 32  0  0  0   1 32  0  0  0  3941
KSPSetUp               2 1.0 4.6812e-04 1.0 0.00e+00 0.0 0.0e+00 0.0e+00 0.0e+00  0  0  0  0  0   0  0  0  0  0     0
KSPSolve               1 1.0 2.6603e-02 1.0 3.41e+07 1.0 0.0e+00 0.0e+00 0.0e+00  8 63  0  0  0   8 63  0  0  0  1283
PCSetUp                2 1.0 1.6307e-02 1.0 7.49e+06 1.0 0.0e+00 0.0e+00 0.0e+00  5 14  0  0  0   5 14  0  0  0   460
PCSetUpOnBlocks        1 1.0 1.0095e-02 1.0 7.49e+06 1.0 0.0e+00 0.0e+00 0.0e+00  3 14  0  0  0   3 14  0  0  0   742
PCApply                8 1.0 5.0410e-03 1.0 1.24e+07 1.0 0.0e+00 0.0e+00 0.0e+00  2 23  0  0  0   2 23  0  0  0  2455
------------------------------------------------------------------------------------------------------------------------

Memory usage is given in bytes:

Object Type          Creations   Destructions     Memory  Descendants' Mem.
Reports information only for process 0.

--- Event Stage 0: Main Stage

                SNES     1              1         1372     0.
      SNESLineSearch     1              1         1000     0.
              DMSNES     1              1          672     0.
              Vector    19             19      4829664     0.
      Vector Scatter     4              4         2656     0.
              Matrix     3              3     30499144     0.
  Matrix FD Coloring     1              1     17658592     0.
    Distributed Mesh     1              1         5272     0.
           Index Set    33             33       946136     0.
   IS L to G Mapping     2              2       201312     0.
   Star Forest Graph     2              2         1744     0.
     Discrete System     1              1          908     0.
       Krylov Solver     2              2         2424     0.
     DMKSP interface     1              1          656     0.
      Preconditioner     2              2         2000     0.
              Viewer     4              3         2520     0.
========================================================================================================================
Average time to get PetscTime(): 3.05008e-08
#PETSc Option Table entries:
-da_grid_x 100
-da_grid_y 100
-grashof 1000
-ksp_type cg
-lidvelocity 10
-log_summary
-log_view
-pc_asm_overlap 0
-pc_type asm
-prandtl 1.0
-snes_monitor
#End of PETSc Option Table entries
Compiled without FORTRAN kernels
Compiled with full precision matrices (default)
sizeof(short) 2 sizeof(int) 4 sizeof(long) 8 sizeof(void*) 8 sizeof(PetscScalar) 8 sizeof(PetscInt) 4
Configure options: --prefix=/home/spollard/rnet/build --CFLAGS="-O3 -g" --download-triangle=1 --with-debugging=no
-----------------------------------------
Libraries compiled on Sun Mar 25 22:23:34 2018 on talapas-ln1 
Machine characteristics: Linux-3.10.0-693.17.1.el7.x86_64-x86_64-with-redhat-7.4-Maipo
Using PETSc directory: /gpfs/projects/hpcl/spollard/rnet/petsc-3.8.4
Using PETSc arch: arch-linux2-c-opt
-----------------------------------------

Using C compiler: mpicc -O3 -g -fPIC   ${COPTFLAGS} ${CFLAGS}
Using Fortran compiler: mpif90  -fPIC -g -O3   ${FOPTFLAGS} ${FFLAGS} 
-----------------------------------------

Using include paths: -I/gpfs/projects/hpcl/spollard/rnet/petsc-3.8.4/arch-linux2-c-opt/include -I/gpfs/projects/hpcl/spollard/rnet/petsc-3.8.4/include -I/gpfs/projects/hpcl/spollard/rnet/petsc-3.8.4/include -I/gpfs/projects/hpcl/spollard/rnet/petsc-3.8.4/arch-linux2-c-opt/include -I/home/spollard/rnet/build/include
-----------------------------------------

Using C linker: mpicc
Using Fortran linker: mpif90
Using libraries: -Wl,-rpath,/gpfs/projects/hpcl/spollard/rnet/petsc-3.8.4/arch-linux2-c-opt/lib -L/gpfs/projects/hpcl/spollard/rnet/petsc-3.8.4/arch-linux2-c-opt/lib -lpetsc -Wl,-rpath,/home/spollard/rnet/build/lib -L/home/spollard/rnet/build/lib -Wl,-rpath,/packages/openmpi/2.1.2_intel-17/lib -L/packages/openmpi/2.1.2_intel-17/lib -Wl,-rpath,/packages/openmpi/2.1_intel-17/lib -L/packages/openmpi/2.1_intel-17/lib -Wl,-rpath,/packages/intel/17/linux/mkl/lib/intel64 -L/packages/intel/17/linux/mkl/lib/intel64 -Wl,-rpath,/packages/intel/17/linux/lib/intel64 -L/packages/intel/17/linux/lib/intel64 -Wl,-rpath,/packages/python/2.7.14/lib -L/packages/python/2.7.14/lib -Wl,-rpath,/cm/shared/apps/slurm/17.11/lib/slurm -L/cm/shared/apps/slurm/17.11/lib/slurm -Wl,-rpath,/cm/shared/apps/slurm/17.11/lib -L/cm/shared/apps/slurm/17.11/lib -Wl,-rpath,/gpfs/packages/intel/compilers_and_libraries_2017.5.239/linux/compiler/lib/intel64_lin -L/gpfs/packages/intel/compilers_and_libraries_2017.5.239/linux/compiler/lib/intel64_lin -Wl,-rpath,/cm/shared/apps/slurm/17.11/lib64 -L/cm/shared/apps/slurm/17.11/lib64 -Wl,-rpath,/usr/lib/gcc/x86_64-redhat-linux/4.8.5 -L/usr/lib/gcc/x86_64-redhat-linux/4.8.5 -llapack -lblas -ltriangle -lX11 -lmpi_usempif08 -lmpi_usempi_ignore_tkr -lmpi_mpifh -lifport -lifcoremt_pic -ldl -lmpi -limf -lsvml -lirng -lm -lipgo -ldecimal -lcilkrts -lstdc++ -lgcc_s -lirc -lpthread -lirc_s -ldl
-----------------------------------------



 WARNING:   -log_summary is being deprecated; switch to -log_view


************************************************************************************************************************
***             WIDEN YOUR WINDOW TO 120 CHARACTERS.  Use 'enscript -r -fCourier9' to print this document            ***
************************************************************************************************************************

---------------------------------------------- PETSc Performance Summary: ----------------------------------------------

./ex19 on a arch-linux2-c-opt named n002 with 1 processor, by spollard Wed Mar 28 16:57:53 2018
Using Petsc Release Version 3.8.4, Mar, 24, 2018 

                         Max       Max/Min        Avg      Total 
Time (sec):           3.250e-01      1.00000   3.250e-01
Objects:              7.800e+01      1.00000   7.800e+01
Flop:                 5.438e+07      1.00000   5.438e+07  5.438e+07
Flop/sec:            1.673e+08      1.00000   1.673e+08  1.673e+08
MPI Messages:         0.000e+00      0.00000   0.000e+00  0.000e+00
MPI Message Lengths:  0.000e+00      0.00000   0.000e+00  0.000e+00
MPI Reductions:       0.000e+00      0.00000

Flop counting convention: 1 flop = 1 real number operation of type (multiply/divide/add/subtract)
                            e.g., VecAXPY() for real vectors of length N --> 2N flop
                            and VecAXPY() for complex vectors of length N --> 8N flop

Summary of Stages:   ----- Time ------  ----- Flop -----  --- Messages ---  -- Message Lengths --  -- Reductions --
                        Avg     %Total     Avg     %Total   counts   %Total     Avg         %Total   counts   %Total 
 0:      Main Stage: 3.2357e-01  99.6%  5.4381e+07 100.0%  0.000e+00   0.0%  0.000e+00        0.0%  0.000e+00   0.0% 

------------------------------------------------------------------------------------------------------------------------
See the 'Profiling' chapter of the users' manual for details on interpreting output.
Phase summary info:
   Count: number of times phase was executed
   Time and Flop: Max - maximum over all processors
                   Ratio - ratio of maximum to minimum over all processors
   Mess: number of messages sent
   Avg. len: average message length (bytes)
   Reduct: number of global reductions
   Global: entire computation
   Stage: stages of a computation. Set stages with PetscLogStagePush() and PetscLogStagePop().
      %T - percent time in this phase         %F - percent flop in this phase
      %M - percent messages in this phase     %L - percent message lengths in this phase
      %R - percent reductions in this phase
   Total Mflop/s: 10e-6 * (sum of flop over all processors)/(max time over all processors)
------------------------------------------------------------------------------------------------------------------------
Event                Count      Time (sec)     Flop                             --- Global ---  --- Stage ---   Total
                   Max Ratio  Max     Ratio   Max  Ratio  Mess   Avg len Reduct  %T %F %M %L %R  %T %F %M %L %R Mflop/s
------------------------------------------------------------------------------------------------------------------------

--- Event Stage 0: Main Stage

SNESSolve              1 1.0 5.4380e-02 1.0 5.44e+07 1.0 0.0e+00 0.0e+00 0.0e+00 17100  0  0  0  17100  0  0  0  1000
SNESFunctionEval      22 1.0 4.3423e-03 1.0 1.85e+07 1.0 0.0e+00 0.0e+00 0.0e+00  1 34  0  0  0   1 34  0  0  0  4256
SNESJacobianEval       1 1.0 2.7252e-02 1.0 1.93e+07 1.0 0.0e+00 0.0e+00 0.0e+00  8 36  0  0  0   8 36  0  0  0   709
VecView                2 1.0 2.4278e-01 1.0 0.00e+00 0.0 0.0e+00 0.0e+00 0.0e+00 75  0  0  0  0  75  0  0  0  0     0
VecTDot               15 1.0 5.2064e-04 1.0 1.20e+06 1.0 0.0e+00 0.0e+00 0.0e+00  0  2  0  0  0   0  2  0  0  0  2305
VecNorm               10 1.0 3.7041e-04 1.0 8.00e+05 1.0 0.0e+00 0.0e+00 0.0e+00  0  1  0  0  0   0  1  0  0  0  2160
VecCopy               22 1.0 5.6659e-04 1.0 0.00e+00 0.0 0.0e+00 0.0e+00 0.0e+00  0  0  0  0  0   0  0  0  0  0     0
VecSet                30 1.0 2.2560e-03 1.0 0.00e+00 0.0 0.0e+00 0.0e+00 0.0e+00  1  0  0  0  0   1  0  0  0  0     0
VecAXPY               34 1.0 8.6512e-04 1.0 2.72e+06 1.0 0.0e+00 0.0e+00 0.0e+00  0  5  0  0  0   0  5  0  0  0  3144
VecAYPX                6 1.0 1.2795e-04 1.0 4.80e+05 1.0 0.0e+00 0.0e+00 0.0e+00  0  1  0  0  0   0  1  0  0  0  3751
VecScatterBegin       40 1.0 1.0282e-03 1.0 0.00e+00 0.0 0.0e+00 0.0e+00 0.0e+00  0  0  0  0  0   0  0  0  0  0     0
MatMult                7 1.0 3.2707e-03 1.0 1.08e+07 1.0 0.0e+00 0.0e+00 0.0e+00  1 20  0  0  0   1 20  0  0  0  3311
MatSolve               8 1.0 4.3938e-03 1.0 1.24e+07 1.0 0.0e+00 0.0e+00 0.0e+00  1 23  0  0  0   1 23  0  0  0  2817
MatLUFactorNum         1 1.0 5.0145e-03 1.0 7.49e+06 1.0 0.0e+00 0.0e+00 0.0e+00  2 14  0  0  0   2 14  0  0  0  1494
MatILUFactorSym        1 1.0 4.5262e-03 1.0 0.00e+00 0.0 0.0e+00 0.0e+00 0.0e+00  1  0  0  0  0   1  0  0  0  0     0
MatAssemblyBegin       3 1.0 5.3691e-07 1.0 0.00e+00 0.0 0.0e+00 0.0e+00 0.0e+00  0  0  0  0  0   0  0  0  0  0     0
MatAssemblyEnd         3 1.0 2.1961e-03 1.0 0.00e+00 0.0 0.0e+00 0.0e+00 0.0e+00  1  0  0  0  0   1  0  0  0  0     0
MatGetRowIJ            1 1.0 2.2161e-06 1.0 0.00e+00 0.0 0.0e+00 0.0e+00 0.0e+00  0  0  0  0  0   0  0  0  0  0     0
MatCreateSubMats       1 1.0 5.6454e-03 1.0 0.00e+00 0.0 0.0e+00 0.0e+00 0.0e+00  2  0  0  0  0   2  0  0  0  0     0
MatGetOrdering         1 1.0 5.0922e-04 1.0 0.00e+00 0.0 0.0e+00 0.0e+00 0.0e+00  0  0  0  0  0   0  0  0  0  0     0
MatZeroEntries         1 1.0 1.0963e-03 1.0 0.00e+00 0.0 0.0e+00 0.0e+00 0.0e+00  0  0  0  0  0   0  0  0  0  0     0
MatFDColorCreate       1 1.0 3.2204e-04 1.0 0.00e+00 0.0 0.0e+00 0.0e+00 0.0e+00  0  0  0  0  0   0  0  0  0  0     0
MatFDColorSetUp        1 1.0 1.7719e-02 1.0 0.00e+00 0.0 0.0e+00 0.0e+00 0.0e+00  5  0  0  0  0   5  0  0  0  0     0
MatFDColorApply        1 1.0 7.9873e-03 1.0 1.93e+07 1.0 0.0e+00 0.0e+00 0.0e+00  2 36  0  0  0   2 36  0  0  0  2419
MatFDColorFunc        21 1.0 4.4766e-03 1.0 1.76e+07 1.0 0.0e+00 0.0e+00 0.0e+00  1 32  0  0  0   1 32  0  0  0  3941
KSPSetUp               2 1.0 4.6812e-04 1.0 0.00e+00 0.0 0.0e+00 0.0e+00 0.0e+00  0  0  0  0  0   0  0  0  0  0     0
KSPSolve               1 1.0 2.6603e-02 1.0 3.41e+07 1.0 0.0e+00 0.0e+00 0.0e+00  8 63  0  0  0   8 63  0  0  0  1283
PCSetUp                2 1.0 1.6307e-02 1.0 7.49e+06 1.0 0.0e+00 0.0e+00 0.0e+00  5 14  0  0  0   5 14  0  0  0   460
PCSetUpOnBlocks        1 1.0 1.0095e-02 1.0 7.49e+06 1.0 0.0e+00 0.0e+00 0.0e+00  3 14  0  0  0   3 14  0  0  0   742
PCApply                8 1.0 5.0410e-03 1.0 1.24e+07 1.0 0.0e+00 0.0e+00 0.0e+00  2 23  0  0  0   2 23  0  0  0  2455
------------------------------------------------------------------------------------------------------------------------

Memory usage is given in bytes:

Object Type          Creations   Destructions     Memory  Descendants' Mem.
Reports information only for process 0.

--- Event Stage 0: Main Stage

                SNES     1              1         1372     0.
      SNESLineSearch     1              1         1000     0.
              DMSNES     1              1          672     0.
              Vector    19             19      4829664     0.
      Vector Scatter     4              4         2656     0.
              Matrix     3              3     30499144     0.
  Matrix FD Coloring     1              1     17658592     0.
    Distributed Mesh     1              1         5272     0.
           Index Set    33             33       946136     0.
   IS L to G Mapping     2              2       201312     0.
   Star Forest Graph     2              2         1744     0.
     Discrete System     1              1          908     0.
       Krylov Solver     2              2         2424     0.
     DMKSP interface     1              1          656     0.
      Preconditioner     2              2         2000     0.
              Viewer     4              3         2520     0.
========================================================================================================================
Average time to get PetscTime(): 2.94298e-08
#PETSc Option Table entries:
-da_grid_x 100
-da_grid_y 100
-grashof 1000
-ksp_type cg
-lidvelocity 10
-log_summary
-log_view
-pc_asm_overlap 0
-pc_type asm
-prandtl 1.0
-snes_monitor
#End of PETSc Option Table entries
Compiled without FORTRAN kernels
Compiled with full precision matrices (default)
sizeof(short) 2 sizeof(int) 4 sizeof(long) 8 sizeof(void*) 8 sizeof(PetscScalar) 8 sizeof(PetscInt) 4
Configure options: --prefix=/home/spollard/rnet/build --CFLAGS="-O3 -g" --download-triangle=1 --with-debugging=no
-----------------------------------------
Libraries compiled on Sun Mar 25 22:23:34 2018 on talapas-ln1 
Machine characteristics: Linux-3.10.0-693.17.1.el7.x86_64-x86_64-with-redhat-7.4-Maipo
Using PETSc directory: /gpfs/projects/hpcl/spollard/rnet/petsc-3.8.4
Using PETSc arch: arch-linux2-c-opt
-----------------------------------------

Using C compiler: mpicc -O3 -g -fPIC   ${COPTFLAGS} ${CFLAGS}
Using Fortran compiler: mpif90  -fPIC -g -O3   ${FOPTFLAGS} ${FFLAGS} 
-----------------------------------------

Using include paths: -I/gpfs/projects/hpcl/spollard/rnet/petsc-3.8.4/arch-linux2-c-opt/include -I/gpfs/projects/hpcl/spollard/rnet/petsc-3.8.4/include -I/gpfs/projects/hpcl/spollard/rnet/petsc-3.8.4/include -I/gpfs/projects/hpcl/spollard/rnet/petsc-3.8.4/arch-linux2-c-opt/include -I/home/spollard/rnet/build/include
-----------------------------------------

Using C linker: mpicc
Using Fortran linker: mpif90
Using libraries: -Wl,-rpath,/gpfs/projects/hpcl/spollard/rnet/petsc-3.8.4/arch-linux2-c-opt/lib -L/gpfs/projects/hpcl/spollard/rnet/petsc-3.8.4/arch-linux2-c-opt/lib -lpetsc -Wl,-rpath,/home/spollard/rnet/build/lib -L/home/spollard/rnet/build/lib -Wl,-rpath,/packages/openmpi/2.1.2_intel-17/lib -L/packages/openmpi/2.1.2_intel-17/lib -Wl,-rpath,/packages/openmpi/2.1_intel-17/lib -L/packages/openmpi/2.1_intel-17/lib -Wl,-rpath,/packages/intel/17/linux/mkl/lib/intel64 -L/packages/intel/17/linux/mkl/lib/intel64 -Wl,-rpath,/packages/intel/17/linux/lib/intel64 -L/packages/intel/17/linux/lib/intel64 -Wl,-rpath,/packages/python/2.7.14/lib -L/packages/python/2.7.14/lib -Wl,-rpath,/cm/shared/apps/slurm/17.11/lib/slurm -L/cm/shared/apps/slurm/17.11/lib/slurm -Wl,-rpath,/cm/shared/apps/slurm/17.11/lib -L/cm/shared/apps/slurm/17.11/lib -Wl,-rpath,/gpfs/packages/intel/compilers_and_libraries_2017.5.239/linux/compiler/lib/intel64_lin -L/gpfs/packages/intel/compilers_and_libraries_2017.5.239/linux/compiler/lib/intel64_lin -Wl,-rpath,/cm/shared/apps/slurm/17.11/lib64 -L/cm/shared/apps/slurm/17.11/lib64 -Wl,-rpath,/usr/lib/gcc/x86_64-redhat-linux/4.8.5 -L/usr/lib/gcc/x86_64-redhat-linux/4.8.5 -llapack -lblas -ltriangle -lX11 -lmpi_usempif08 -lmpi_usempi_ignore_tkr -lmpi_mpifh -lifport -lifcoremt_pic -ldl -lmpi -limf -lsvml -lirng -lm -lipgo -ldecimal -lcilkrts -lstdc++ -lgcc_s -lirc -lpthread -lirc_s -ldl
-----------------------------------------

