lid velocity = 10., prandtl # = 1., grashof # = 1000.
  0 SNES Function norm 9.949864117143e+01 
Number of SNES iterations = 0
************************************************************************************************************************
***             WIDEN YOUR WINDOW TO 120 CHARACTERS.  Use 'enscript -r -fCourier9' to print this document            ***
************************************************************************************************************************

---------------------------------------------- PETSc Performance Summary: ----------------------------------------------

./ex19 on a arch-linux2-c-opt named n002 with 1 processor, by spollard Wed Mar 28 16:57:54 2018
Using Petsc Release Version 3.8.4, Mar, 24, 2018 

                         Max       Max/Min        Avg      Total 
Time (sec):           3.139e-01      1.00000   3.139e-01
Objects:              7.700e+01      1.00000   7.700e+01
Flop:                 3.611e+07      1.00000   3.611e+07  3.611e+07
Flop/sec:            1.150e+08      1.00000   1.150e+08  1.150e+08
MPI Messages:         0.000e+00      0.00000   0.000e+00  0.000e+00
MPI Message Lengths:  0.000e+00      0.00000   0.000e+00  0.000e+00
MPI Reductions:       0.000e+00      0.00000

Flop counting convention: 1 flop = 1 real number operation of type (multiply/divide/add/subtract)
                            e.g., VecAXPY() for real vectors of length N --> 2N flop
                            and VecAXPY() for complex vectors of length N --> 8N flop

Summary of Stages:   ----- Time ------  ----- Flop -----  --- Messages ---  -- Message Lengths --  -- Reductions --
                        Avg     %Total     Avg     %Total   counts   %Total     Avg         %Total   counts   %Total 
 0:      Main Stage: 3.1393e-01 100.0%  3.6109e+07 100.0%  0.000e+00   0.0%  0.000e+00        0.0%  0.000e+00   0.0% 

------------------------------------------------------------------------------------------------------------------------
See the 'Profiling' chapter of the users' manual for details on interpreting output.
Phase summary info:
   Count: number of times phase was executed
   Time and Flop: Max - maximum over all processors
                   Ratio - ratio of maximum to minimum over all processors
   Mess: number of messages sent
   Avg. len: average message length (bytes)
   Reduct: number of global reductions
   Global: entire computation
   Stage: stages of a computation. Set stages with PetscLogStagePush() and PetscLogStagePop().
      %T - percent time in this phase         %F - percent flop in this phase
      %M - percent messages in this phase     %L - percent message lengths in this phase
      %R - percent reductions in this phase
   Total Mflop/s: 10e-6 * (sum of flop over all processors)/(max time over all processors)
------------------------------------------------------------------------------------------------------------------------
Event                Count      Time (sec)     Flop                             --- Global ---  --- Stage ---   Total
                   Max Ratio  Max     Ratio   Max  Ratio  Mess   Avg len Reduct  %T %F %M %L %R  %T %F %M %L %R Mflop/s
------------------------------------------------------------------------------------------------------------------------

--- Event Stage 0: Main Stage

SNESSolve              1 1.0 4.2200e-02 1.0 3.61e+07 1.0 0.0e+00 0.0e+00 0.0e+00 13100  0  0  0  13100  0  0  0   856
SNESFunctionEval      22 1.0 4.2902e-03 1.0 1.85e+07 1.0 0.0e+00 0.0e+00 0.0e+00  1 51  0  0  0   1 51  0  0  0  4308
SNESJacobianEval       1 1.0 2.7240e-02 1.0 1.93e+07 1.0 0.0e+00 0.0e+00 0.0e+00  9 54  0  0  0   9 54  0  0  0   709
VecView                2 1.0 2.4625e-01 1.0 0.00e+00 0.0 0.0e+00 0.0e+00 0.0e+00 78  0  0  0  0  78  0  0  0  0     0
VecDot                 2 1.0 6.9969e-05 1.0 1.60e+05 1.0 0.0e+00 0.0e+00 0.0e+00  0  0  0  0  0   0  0  0  0  0  2287
VecNorm                3 1.0 1.1624e-04 1.0 2.40e+05 1.0 0.0e+00 0.0e+00 0.0e+00  0  1  0  0  0   0  1  0  0  0  2065
VecScale               4 1.0 6.5861e-05 1.0 1.60e+05 1.0 0.0e+00 0.0e+00 0.0e+00  0  0  0  0  0   0  0  0  0  0  2429
VecCopy               22 1.0 5.1758e-04 1.0 0.00e+00 0.0 0.0e+00 0.0e+00 0.0e+00  0  0  0  0  0   0  0  0  0  0     0
VecSet                19 1.0 2.2660e-03 1.0 0.00e+00 0.0 0.0e+00 0.0e+00 0.0e+00  1  0  0  0  0   1  0  0  0  0     0
VecAXPY               22 1.0 5.6544e-04 1.0 1.76e+06 1.0 0.0e+00 0.0e+00 0.0e+00  0  5  0  0  0   0  5  0  0  0  3113
VecScatterBegin       24 1.0 6.2137e-04 1.0 0.00e+00 0.0 0.0e+00 0.0e+00 0.0e+00  0  0  0  0  0   0  0  0  0  0     0
MatMult                1 1.0 4.5140e-04 1.0 1.55e+06 1.0 0.0e+00 0.0e+00 0.0e+00  0  4  0  0  0   0  4  0  0  0  3428
MatMultTranspose       2 1.0 1.1654e-03 1.0 3.17e+06 1.0 0.0e+00 0.0e+00 0.0e+00  0  9  0  0  0   0  9  0  0  0  2724
MatSolve               2 1.0 1.2139e-03 1.0 3.09e+06 1.0 0.0e+00 0.0e+00 0.0e+00  0  9  0  0  0   0  9  0  0  0  2549
MatLUFactorNum         1 1.0 4.9283e-03 1.0 7.49e+06 1.0 0.0e+00 0.0e+00 0.0e+00  2 21  0  0  0   2 21  0  0  0  1520
MatILUFactorSym        1 1.0 4.3584e-03 1.0 0.00e+00 0.0 0.0e+00 0.0e+00 0.0e+00  1  0  0  0  0   1  0  0  0  0     0
MatAssemblyBegin       2 1.0 2.8126e-07 1.0 0.00e+00 0.0 0.0e+00 0.0e+00 0.0e+00  0  0  0  0  0   0  0  0  0  0     0
MatAssemblyEnd         2 1.0 1.3322e-03 1.0 0.00e+00 0.0 0.0e+00 0.0e+00 0.0e+00  0  0  0  0  0   0  0  0  0  0     0
MatGetRowIJ            1 1.0 2.5784e-06 1.0 0.00e+00 0.0 0.0e+00 0.0e+00 0.0e+00  0  0  0  0  0   0  0  0  0  0     0
MatGetOrdering         1 1.0 5.8298e-04 1.0 0.00e+00 0.0 0.0e+00 0.0e+00 0.0e+00  0  0  0  0  0   0  0  0  0  0     0
MatZeroEntries         1 1.0 1.1161e-03 1.0 0.00e+00 0.0 0.0e+00 0.0e+00 0.0e+00  0  0  0  0  0   0  0  0  0  0     0
MatFDColorCreate       1 1.0 3.2186e-04 1.0 0.00e+00 0.0 0.0e+00 0.0e+00 0.0e+00  0  0  0  0  0   0  0  0  0  0     0
MatFDColorSetUp        1 1.0 1.7799e-02 1.0 0.00e+00 0.0 0.0e+00 0.0e+00 0.0e+00  6  0  0  0  0   6  0  0  0  0     0
MatFDColorApply        1 1.0 7.8783e-03 1.0 1.93e+07 1.0 0.0e+00 0.0e+00 0.0e+00  3 54  0  0  0   3 54  0  0  0  2452
MatFDColorFunc        21 1.0 4.3956e-03 1.0 1.76e+07 1.0 0.0e+00 0.0e+00 0.0e+00  1 49  0  0  0   1 49  0  0  0  4013
KSPSetUp               2 1.0 1.1438e-03 1.0 0.00e+00 0.0 0.0e+00 0.0e+00 0.0e+00  0  0  0  0  0   0  0  0  0  0     0
KSPSolve               1 1.0 1.4441e-02 1.0 1.59e+07 1.0 0.0e+00 0.0e+00 0.0e+00  5 44  0  0  0   5 44  0  0  0  1099
PCSetUp                2 1.0 9.9980e-03 1.0 7.49e+06 1.0 0.0e+00 0.0e+00 0.0e+00  3 21  0  0  0   3 21  0  0  0   749
PCSetUpOnBlocks        1 1.0 9.9148e-03 1.0 7.49e+06 1.0 0.0e+00 0.0e+00 0.0e+00  3 21  0  0  0   3 21  0  0  0   756
PCApply                2 1.0 1.2772e-03 1.0 3.09e+06 1.0 0.0e+00 0.0e+00 0.0e+00  0  9  0  0  0   0  9  0  0  0  2423
------------------------------------------------------------------------------------------------------------------------

Memory usage is given in bytes:

Object Type          Creations   Destructions     Memory  Descendants' Mem.
Reports information only for process 0.

--- Event Stage 0: Main Stage

                SNES     1              1         1372     0.
      SNESLineSearch     1              1         1000     0.
              DMSNES     1              1          672     0.
              Vector    22             22      5154272     0.
      Vector Scatter     3              3         1992     0.
              Matrix     2              2     20332764     0.
  Matrix FD Coloring     1              1     17658592     0.
    Distributed Mesh     1              1         5272     0.
           Index Set    31             31       944552     0.
   IS L to G Mapping     2              2       201312     0.
   Star Forest Graph     2              2         1744     0.
     Discrete System     1              1          908     0.
       Krylov Solver     2              2         2416     0.
     DMKSP interface     1              1          656     0.
      Preconditioner     2              2         1912     0.
              Viewer     4              3         2520     0.
========================================================================================================================
Average time to get PetscTime(): 3.13856e-08
#PETSc Option Table entries:
-da_grid_x 100
-da_grid_y 100
-grashof 1000
-ksp_type lsqr
-lidvelocity 10
-log_summary
-log_view
-pc_type bjacobi
-prandtl 1.0
-snes_monitor
#End of PETSc Option Table entries
Compiled without FORTRAN kernels
Compiled with full precision matrices (default)
sizeof(short) 2 sizeof(int) 4 sizeof(long) 8 sizeof(void*) 8 sizeof(PetscScalar) 8 sizeof(PetscInt) 4
Configure options: --prefix=/home/spollard/rnet/build --CFLAGS="-O3 -g" --download-triangle=1 --with-debugging=no
-----------------------------------------
Libraries compiled on Sun Mar 25 22:23:34 2018 on talapas-ln1 
Machine characteristics: Linux-3.10.0-693.17.1.el7.x86_64-x86_64-with-redhat-7.4-Maipo
Using PETSc directory: /gpfs/projects/hpcl/spollard/rnet/petsc-3.8.4
Using PETSc arch: arch-linux2-c-opt
-----------------------------------------

Using C compiler: mpicc -O3 -g -fPIC   ${COPTFLAGS} ${CFLAGS}
Using Fortran compiler: mpif90  -fPIC -g -O3   ${FOPTFLAGS} ${FFLAGS} 
-----------------------------------------

Using include paths: -I/gpfs/projects/hpcl/spollard/rnet/petsc-3.8.4/arch-linux2-c-opt/include -I/gpfs/projects/hpcl/spollard/rnet/petsc-3.8.4/include -I/gpfs/projects/hpcl/spollard/rnet/petsc-3.8.4/include -I/gpfs/projects/hpcl/spollard/rnet/petsc-3.8.4/arch-linux2-c-opt/include -I/home/spollard/rnet/build/include
-----------------------------------------

Using C linker: mpicc
Using Fortran linker: mpif90
Using libraries: -Wl,-rpath,/gpfs/projects/hpcl/spollard/rnet/petsc-3.8.4/arch-linux2-c-opt/lib -L/gpfs/projects/hpcl/spollard/rnet/petsc-3.8.4/arch-linux2-c-opt/lib -lpetsc -Wl,-rpath,/home/spollard/rnet/build/lib -L/home/spollard/rnet/build/lib -Wl,-rpath,/packages/openmpi/2.1.2_intel-17/lib -L/packages/openmpi/2.1.2_intel-17/lib -Wl,-rpath,/packages/openmpi/2.1_intel-17/lib -L/packages/openmpi/2.1_intel-17/lib -Wl,-rpath,/packages/intel/17/linux/mkl/lib/intel64 -L/packages/intel/17/linux/mkl/lib/intel64 -Wl,-rpath,/packages/intel/17/linux/lib/intel64 -L/packages/intel/17/linux/lib/intel64 -Wl,-rpath,/packages/python/2.7.14/lib -L/packages/python/2.7.14/lib -Wl,-rpath,/cm/shared/apps/slurm/17.11/lib/slurm -L/cm/shared/apps/slurm/17.11/lib/slurm -Wl,-rpath,/cm/shared/apps/slurm/17.11/lib -L/cm/shared/apps/slurm/17.11/lib -Wl,-rpath,/gpfs/packages/intel/compilers_and_libraries_2017.5.239/linux/compiler/lib/intel64_lin -L/gpfs/packages/intel/compilers_and_libraries_2017.5.239/linux/compiler/lib/intel64_lin -Wl,-rpath,/cm/shared/apps/slurm/17.11/lib64 -L/cm/shared/apps/slurm/17.11/lib64 -Wl,-rpath,/usr/lib/gcc/x86_64-redhat-linux/4.8.5 -L/usr/lib/gcc/x86_64-redhat-linux/4.8.5 -llapack -lblas -ltriangle -lX11 -lmpi_usempif08 -lmpi_usempi_ignore_tkr -lmpi_mpifh -lifport -lifcoremt_pic -ldl -lmpi -limf -lsvml -lirng -lm -lipgo -ldecimal -lcilkrts -lstdc++ -lgcc_s -lirc -lpthread -lirc_s -ldl
-----------------------------------------



 WARNING:   -log_summary is being deprecated; switch to -log_view


************************************************************************************************************************
***             WIDEN YOUR WINDOW TO 120 CHARACTERS.  Use 'enscript -r -fCourier9' to print this document            ***
************************************************************************************************************************

---------------------------------------------- PETSc Performance Summary: ----------------------------------------------

./ex19 on a arch-linux2-c-opt named n002 with 1 processor, by spollard Wed Mar 28 16:57:54 2018
Using Petsc Release Version 3.8.4, Mar, 24, 2018 

                         Max       Max/Min        Avg      Total 
Time (sec):           3.154e-01      1.00000   3.154e-01
Objects:              7.700e+01      1.00000   7.700e+01
Flop:                 3.611e+07      1.00000   3.611e+07  3.611e+07
Flop/sec:            1.145e+08      1.00000   1.145e+08  1.145e+08
MPI Messages:         0.000e+00      0.00000   0.000e+00  0.000e+00
MPI Message Lengths:  0.000e+00      0.00000   0.000e+00  0.000e+00
MPI Reductions:       0.000e+00      0.00000

Flop counting convention: 1 flop = 1 real number operation of type (multiply/divide/add/subtract)
                            e.g., VecAXPY() for real vectors of length N --> 2N flop
                            and VecAXPY() for complex vectors of length N --> 8N flop

Summary of Stages:   ----- Time ------  ----- Flop -----  --- Messages ---  -- Message Lengths --  -- Reductions --
                        Avg     %Total     Avg     %Total   counts   %Total     Avg         %Total   counts   %Total 
 0:      Main Stage: 3.1394e-01  99.5%  3.6109e+07 100.0%  0.000e+00   0.0%  0.000e+00        0.0%  0.000e+00   0.0% 

------------------------------------------------------------------------------------------------------------------------
See the 'Profiling' chapter of the users' manual for details on interpreting output.
Phase summary info:
   Count: number of times phase was executed
   Time and Flop: Max - maximum over all processors
                   Ratio - ratio of maximum to minimum over all processors
   Mess: number of messages sent
   Avg. len: average message length (bytes)
   Reduct: number of global reductions
   Global: entire computation
   Stage: stages of a computation. Set stages with PetscLogStagePush() and PetscLogStagePop().
      %T - percent time in this phase         %F - percent flop in this phase
      %M - percent messages in this phase     %L - percent message lengths in this phase
      %R - percent reductions in this phase
   Total Mflop/s: 10e-6 * (sum of flop over all processors)/(max time over all processors)
------------------------------------------------------------------------------------------------------------------------
Event                Count      Time (sec)     Flop                             --- Global ---  --- Stage ---   Total
                   Max Ratio  Max     Ratio   Max  Ratio  Mess   Avg len Reduct  %T %F %M %L %R  %T %F %M %L %R Mflop/s
------------------------------------------------------------------------------------------------------------------------

--- Event Stage 0: Main Stage

SNESSolve              1 1.0 4.2200e-02 1.0 3.61e+07 1.0 0.0e+00 0.0e+00 0.0e+00 13100  0  0  0  13100  0  0  0   856
SNESFunctionEval      22 1.0 4.2902e-03 1.0 1.85e+07 1.0 0.0e+00 0.0e+00 0.0e+00  1 51  0  0  0   1 51  0  0  0  4308
SNESJacobianEval       1 1.0 2.7240e-02 1.0 1.93e+07 1.0 0.0e+00 0.0e+00 0.0e+00  9 54  0  0  0   9 54  0  0  0   709
VecView                2 1.0 2.4625e-01 1.0 0.00e+00 0.0 0.0e+00 0.0e+00 0.0e+00 78  0  0  0  0  78  0  0  0  0     0
VecDot                 2 1.0 6.9969e-05 1.0 1.60e+05 1.0 0.0e+00 0.0e+00 0.0e+00  0  0  0  0  0   0  0  0  0  0  2287
VecNorm                3 1.0 1.1624e-04 1.0 2.40e+05 1.0 0.0e+00 0.0e+00 0.0e+00  0  1  0  0  0   0  1  0  0  0  2065
VecScale               4 1.0 6.5861e-05 1.0 1.60e+05 1.0 0.0e+00 0.0e+00 0.0e+00  0  0  0  0  0   0  0  0  0  0  2429
VecCopy               22 1.0 5.1758e-04 1.0 0.00e+00 0.0 0.0e+00 0.0e+00 0.0e+00  0  0  0  0  0   0  0  0  0  0     0
VecSet                19 1.0 2.2660e-03 1.0 0.00e+00 0.0 0.0e+00 0.0e+00 0.0e+00  1  0  0  0  0   1  0  0  0  0     0
VecAXPY               22 1.0 5.6544e-04 1.0 1.76e+06 1.0 0.0e+00 0.0e+00 0.0e+00  0  5  0  0  0   0  5  0  0  0  3113
VecScatterBegin       24 1.0 6.2137e-04 1.0 0.00e+00 0.0 0.0e+00 0.0e+00 0.0e+00  0  0  0  0  0   0  0  0  0  0     0
MatMult                1 1.0 4.5140e-04 1.0 1.55e+06 1.0 0.0e+00 0.0e+00 0.0e+00  0  4  0  0  0   0  4  0  0  0  3428
MatMultTranspose       2 1.0 1.1654e-03 1.0 3.17e+06 1.0 0.0e+00 0.0e+00 0.0e+00  0  9  0  0  0   0  9  0  0  0  2724
MatSolve               2 1.0 1.2139e-03 1.0 3.09e+06 1.0 0.0e+00 0.0e+00 0.0e+00  0  9  0  0  0   0  9  0  0  0  2549
MatLUFactorNum         1 1.0 4.9283e-03 1.0 7.49e+06 1.0 0.0e+00 0.0e+00 0.0e+00  2 21  0  0  0   2 21  0  0  0  1520
MatILUFactorSym        1 1.0 4.3584e-03 1.0 0.00e+00 0.0 0.0e+00 0.0e+00 0.0e+00  1  0  0  0  0   1  0  0  0  0     0
MatAssemblyBegin       2 1.0 2.8126e-07 1.0 0.00e+00 0.0 0.0e+00 0.0e+00 0.0e+00  0  0  0  0  0   0  0  0  0  0     0
MatAssemblyEnd         2 1.0 1.3322e-03 1.0 0.00e+00 0.0 0.0e+00 0.0e+00 0.0e+00  0  0  0  0  0   0  0  0  0  0     0
MatGetRowIJ            1 1.0 2.5784e-06 1.0 0.00e+00 0.0 0.0e+00 0.0e+00 0.0e+00  0  0  0  0  0   0  0  0  0  0     0
MatGetOrdering         1 1.0 5.8298e-04 1.0 0.00e+00 0.0 0.0e+00 0.0e+00 0.0e+00  0  0  0  0  0   0  0  0  0  0     0
MatZeroEntries         1 1.0 1.1161e-03 1.0 0.00e+00 0.0 0.0e+00 0.0e+00 0.0e+00  0  0  0  0  0   0  0  0  0  0     0
MatFDColorCreate       1 1.0 3.2186e-04 1.0 0.00e+00 0.0 0.0e+00 0.0e+00 0.0e+00  0  0  0  0  0   0  0  0  0  0     0
MatFDColorSetUp        1 1.0 1.7799e-02 1.0 0.00e+00 0.0 0.0e+00 0.0e+00 0.0e+00  6  0  0  0  0   6  0  0  0  0     0
MatFDColorApply        1 1.0 7.8783e-03 1.0 1.93e+07 1.0 0.0e+00 0.0e+00 0.0e+00  2 54  0  0  0   3 54  0  0  0  2452
MatFDColorFunc        21 1.0 4.3956e-03 1.0 1.76e+07 1.0 0.0e+00 0.0e+00 0.0e+00  1 49  0  0  0   1 49  0  0  0  4013
KSPSetUp               2 1.0 1.1438e-03 1.0 0.00e+00 0.0 0.0e+00 0.0e+00 0.0e+00  0  0  0  0  0   0  0  0  0  0     0
KSPSolve               1 1.0 1.4441e-02 1.0 1.59e+07 1.0 0.0e+00 0.0e+00 0.0e+00  5 44  0  0  0   5 44  0  0  0  1099
PCSetUp                2 1.0 9.9980e-03 1.0 7.49e+06 1.0 0.0e+00 0.0e+00 0.0e+00  3 21  0  0  0   3 21  0  0  0   749
PCSetUpOnBlocks        1 1.0 9.9148e-03 1.0 7.49e+06 1.0 0.0e+00 0.0e+00 0.0e+00  3 21  0  0  0   3 21  0  0  0   756
PCApply                2 1.0 1.2772e-03 1.0 3.09e+06 1.0 0.0e+00 0.0e+00 0.0e+00  0  9  0  0  0   0  9  0  0  0  2423
------------------------------------------------------------------------------------------------------------------------

Memory usage is given in bytes:

Object Type          Creations   Destructions     Memory  Descendants' Mem.
Reports information only for process 0.

--- Event Stage 0: Main Stage

                SNES     1              1         1372     0.
      SNESLineSearch     1              1         1000     0.
              DMSNES     1              1          672     0.
              Vector    22             22      5154272     0.
      Vector Scatter     3              3         1992     0.
              Matrix     2              2     20332764     0.
  Matrix FD Coloring     1              1     17658592     0.
    Distributed Mesh     1              1         5272     0.
           Index Set    31             31       944552     0.
   IS L to G Mapping     2              2       201312     0.
   Star Forest Graph     2              2         1744     0.
     Discrete System     1              1          908     0.
       Krylov Solver     2              2         2416     0.
     DMKSP interface     1              1          656     0.
      Preconditioner     2              2         1912     0.
              Viewer     4              3         2520     0.
========================================================================================================================
Average time to get PetscTime(): 2.85916e-08
#PETSc Option Table entries:
-da_grid_x 100
-da_grid_y 100
-grashof 1000
-ksp_type lsqr
-lidvelocity 10
-log_summary
-log_view
-pc_type bjacobi
-prandtl 1.0
-snes_monitor
#End of PETSc Option Table entries
Compiled without FORTRAN kernels
Compiled with full precision matrices (default)
sizeof(short) 2 sizeof(int) 4 sizeof(long) 8 sizeof(void*) 8 sizeof(PetscScalar) 8 sizeof(PetscInt) 4
Configure options: --prefix=/home/spollard/rnet/build --CFLAGS="-O3 -g" --download-triangle=1 --with-debugging=no
-----------------------------------------
Libraries compiled on Sun Mar 25 22:23:34 2018 on talapas-ln1 
Machine characteristics: Linux-3.10.0-693.17.1.el7.x86_64-x86_64-with-redhat-7.4-Maipo
Using PETSc directory: /gpfs/projects/hpcl/spollard/rnet/petsc-3.8.4
Using PETSc arch: arch-linux2-c-opt
-----------------------------------------

Using C compiler: mpicc -O3 -g -fPIC   ${COPTFLAGS} ${CFLAGS}
Using Fortran compiler: mpif90  -fPIC -g -O3   ${FOPTFLAGS} ${FFLAGS} 
-----------------------------------------

Using include paths: -I/gpfs/projects/hpcl/spollard/rnet/petsc-3.8.4/arch-linux2-c-opt/include -I/gpfs/projects/hpcl/spollard/rnet/petsc-3.8.4/include -I/gpfs/projects/hpcl/spollard/rnet/petsc-3.8.4/include -I/gpfs/projects/hpcl/spollard/rnet/petsc-3.8.4/arch-linux2-c-opt/include -I/home/spollard/rnet/build/include
-----------------------------------------

Using C linker: mpicc
Using Fortran linker: mpif90
Using libraries: -Wl,-rpath,/gpfs/projects/hpcl/spollard/rnet/petsc-3.8.4/arch-linux2-c-opt/lib -L/gpfs/projects/hpcl/spollard/rnet/petsc-3.8.4/arch-linux2-c-opt/lib -lpetsc -Wl,-rpath,/home/spollard/rnet/build/lib -L/home/spollard/rnet/build/lib -Wl,-rpath,/packages/openmpi/2.1.2_intel-17/lib -L/packages/openmpi/2.1.2_intel-17/lib -Wl,-rpath,/packages/openmpi/2.1_intel-17/lib -L/packages/openmpi/2.1_intel-17/lib -Wl,-rpath,/packages/intel/17/linux/mkl/lib/intel64 -L/packages/intel/17/linux/mkl/lib/intel64 -Wl,-rpath,/packages/intel/17/linux/lib/intel64 -L/packages/intel/17/linux/lib/intel64 -Wl,-rpath,/packages/python/2.7.14/lib -L/packages/python/2.7.14/lib -Wl,-rpath,/cm/shared/apps/slurm/17.11/lib/slurm -L/cm/shared/apps/slurm/17.11/lib/slurm -Wl,-rpath,/cm/shared/apps/slurm/17.11/lib -L/cm/shared/apps/slurm/17.11/lib -Wl,-rpath,/gpfs/packages/intel/compilers_and_libraries_2017.5.239/linux/compiler/lib/intel64_lin -L/gpfs/packages/intel/compilers_and_libraries_2017.5.239/linux/compiler/lib/intel64_lin -Wl,-rpath,/cm/shared/apps/slurm/17.11/lib64 -L/cm/shared/apps/slurm/17.11/lib64 -Wl,-rpath,/usr/lib/gcc/x86_64-redhat-linux/4.8.5 -L/usr/lib/gcc/x86_64-redhat-linux/4.8.5 -llapack -lblas -ltriangle -lX11 -lmpi_usempif08 -lmpi_usempi_ignore_tkr -lmpi_mpifh -lifport -lifcoremt_pic -ldl -lmpi -limf -lsvml -lirng -lm -lipgo -ldecimal -lcilkrts -lstdc++ -lgcc_s -lirc -lpthread -lirc_s -ldl
-----------------------------------------

